[2025-06-21 00:57:50] [ERROR] [PRACTICE] 获取随机题目失败 | {"error":"Incorrect arguments to mysqld_stmt_execute"}
[2025-06-21 00:57:50] [ERROR] [APP] HTTP请求完成 | {"method":"GET","url":"/api/practice/random?count=10&type=all&exam_name=all","statusCode":500,"duration":"88ms"}
[2025-06-21 00:59:54] [ERROR] [PRACTICE] 获取随机题目失败 | {"error":"Incorrect arguments to mysqld_stmt_execute"}
[2025-06-21 00:59:54] [ERROR] [APP] HTTP请求完成 | {"method":"GET","url":"/api/practice/random?count=10&type=all&exam_name=all","statusCode":500,"duration":"2344ms"}
[2025-06-21 01:00:25] [ERROR] [PRACTICE] 获取随机题目失败 | {"error":"Incorrect arguments to mysqld_stmt_execute"}
[2025-06-21 01:00:25] [ERROR] [APP] HTTP请求完成 | {"method":"GET","url":"/api/practice/random?count=10&type=all&exam_name=all","statusCode":500,"duration":"2009ms"}
[2025-06-21 01:04:51] [ERROR] [PRACTICE] 获取随机题目失败 | {"error":"Incorrect arguments to mysqld_stmt_execute"}
[2025-06-21 01:04:51] [ERROR] [APP] HTTP请求完成 | {"method":"GET","url":"/api/practice/random?count=10&type=all&exam_name=all","statusCode":500,"duration":"546ms"}
[2025-06-21 01:26:45] [ERROR] [APP] HTTP请求完成 | {"method":"GET","url":"/?ide_webview_request_time=1750469203210","statusCode":404,"duration":"2262ms"}
[2025-06-21 01:29:22] [ERROR] [PRACTICE] 获取随机题目失败 | {"error":"Incorrect arguments to mysqld_stmt_execute"}
[2025-06-21 01:30:18] [ERROR] [PRACTICE] 获取随机题目失败 | {"error":"Incorrect arguments to mysqld_stmt_execute"}
[2025-06-21 14:04:23] [ERROR] [PRACTICE] 获取随机题目失败 | {"error":"Incorrect arguments to mysqld_stmt_execute"}
[2025-06-21 14:08:15] [ERROR] [APP] HTTP请求完成 | {"method":"GET","url":"/?ide_webview_request_time=1750514886099","statusCode":404,"duration":"18ms"}
[2025-06-21 14:43:42] [ERROR] [PRACTICE] 提交答案失败 | {"error":"Cannot read properties of undefined (reading 'toLowerCase')"}
[2025-06-21 14:43:42] [ERROR] [APP] HTTP请求完成 | {"method":"POST","url":"/api/practice/submit","statusCode":500,"duration":"1172ms"}
[2025-06-21 15:08:29] [ERROR] [APP] HTTP请求完成 | {"method":"POST","url":"/api/upload","statusCode":500,"duration":"17ms"}
[2025-06-21 16:43:53] [ERROR] [APP] HTTP请求完成 | {"method":"GET","url":"/api/questions","statusCode":401,"duration":"14ms"}
[2025-06-21 16:43:53] [ERROR] [APP] HTTP请求完成 | {"method":"GET","url":"/favicon.ico","statusCode":404,"duration":"14ms"}
[2025-06-21 16:55:22] [ERROR] [PRACTICE] 提交答案失败 | {"error":"Cannot read properties of undefined (reading 'toLowerCase')"}
[2025-06-21 16:55:22] [ERROR] [APP] HTTP请求完成 | {"method":"POST","url":"/api/practice/submit","statusCode":500,"duration":"59ms"}
[2025-06-21 16:55:34] [ERROR] [PRACTICE] 提交答案失败 | {"error":"Cannot read properties of undefined (reading 'toLowerCase')"}
[2025-06-21 16:55:34] [ERROR] [APP] HTTP请求完成 | {"method":"POST","url":"/api/practice/submit","statusCode":500,"duration":"40ms"}
[2025-06-21 17:21:10] [ERROR] [PRACTICE] 提交答案失败 | {"error":"Cannot read properties of undefined (reading 'toLowerCase')"}
[2025-06-21 17:21:10] [ERROR] [APP] HTTP请求完成 | {"method":"POST","url":"/api/practice/submit","statusCode":500,"duration":"79ms"}
[2025-06-21 17:21:13] [ERROR] [PRACTICE] 提交答案失败 | {"error":"Cannot read properties of undefined (reading 'toLowerCase')"}
[2025-06-21 17:21:13] [ERROR] [APP] HTTP请求完成 | {"method":"POST","url":"/api/practice/submit","statusCode":500,"duration":"44ms"}
[2025-06-21 17:21:15] [ERROR] [PRACTICE] 提交答案失败 | {"error":"Cannot read properties of undefined (reading 'toLowerCase')"}
[2025-06-21 17:21:15] [ERROR] [APP] HTTP请求完成 | {"method":"POST","url":"/api/practice/submit","statusCode":500,"duration":"58ms"}
[2025-06-21 17:21:18] [ERROR] [PRACTICE] 提交答案失败 | {"error":"Cannot read properties of undefined (reading 'toLowerCase')"}
[2025-06-21 17:21:18] [ERROR] [APP] HTTP请求完成 | {"method":"POST","url":"/api/practice/submit","statusCode":500,"duration":"31ms"}
[2025-06-21 17:21:21] [ERROR] [PRACTICE] 提交答案失败 | {"error":"Cannot read properties of undefined (reading 'toLowerCase')"}
[2025-06-21 17:21:21] [ERROR] [APP] HTTP请求完成 | {"method":"POST","url":"/api/practice/submit","statusCode":500,"duration":"68ms"}
[2025-06-21 17:21:23] [ERROR] [PRACTICE] 提交答案失败 | {"error":"Cannot read properties of undefined (reading 'toLowerCase')"}
[2025-06-21 17:21:23] [ERROR] [APP] HTTP请求完成 | {"method":"POST","url":"/api/practice/submit","statusCode":500,"duration":"39ms"}
[2025-06-21 17:21:26] [ERROR] [PRACTICE] 提交答案失败 | {"error":"Cannot read properties of undefined (reading 'toLowerCase')"}
[2025-06-21 17:21:26] [ERROR] [APP] HTTP请求完成 | {"method":"POST","url":"/api/practice/submit","statusCode":500,"duration":"64ms"}
[2025-06-21 17:21:28] [ERROR] [PRACTICE] 提交答案失败 | {"error":"Cannot read properties of undefined (reading 'toLowerCase')"}
[2025-06-21 17:21:28] [ERROR] [APP] HTTP请求完成 | {"method":"POST","url":"/api/practice/submit","statusCode":500,"duration":"42ms"}
[2025-06-21 17:21:29] [ERROR] [PRACTICE] 提交答案失败 | {"error":"Cannot read properties of undefined (reading 'toLowerCase')"}
[2025-06-21 17:21:29] [ERROR] [APP] HTTP请求完成 | {"method":"POST","url":"/api/practice/submit","statusCode":500,"duration":"38ms"}
[2025-06-21 17:21:31] [ERROR] [PRACTICE] 提交答案失败 | {"error":"Cannot read properties of undefined (reading 'toLowerCase')"}
[2025-06-21 17:21:31] [ERROR] [APP] HTTP请求完成 | {"method":"POST","url":"/api/practice/submit","statusCode":500,"duration":"85ms"}
